<?xml version="1.0" encoding="UTF-8"?>
<coverage generated="1611663042653" clover="3.2.0">
  <project timestamp="1611663042654" name="All files">
    <metrics statements="81" coveredstatements="73" conditionals="25" coveredconditionals="14" methods="21" coveredmethods="12" elements="127" coveredelements="99" complexity="0" loc="81" ncloc="81" packages="3" files="10" classes="10"/>
    <package name="Assignment.src.Classes">
      <metrics statements="20" coveredstatements="20" conditionals="5" coveredconditionals="4" methods="9" coveredmethods="3"/>
      <file name="ChargingStation.js" path="D:\Bootcamp\WeekOne\Assignment\src\Classes\ChargingStation.js">
        <metrics statements="4" coveredstatements="4" conditionals="0" coveredconditionals="0" methods="1" coveredmethods="0"/>
        <line num="1" count="1" type="stmt"/>
        <line num="2" count="1" type="stmt"/>
        <line num="14" count="1" type="stmt"/>
        <line num="25" count="1" type="stmt"/>
      </file>
      <file name="Scooter.js" path="D:\Bootcamp\WeekOne\Assignment\src\Classes\Scooter.js">
        <metrics statements="13" coveredstatements="13" conditionals="5" coveredconditionals="4" methods="3" coveredmethods="3"/>
        <line num="1" count="1" type="stmt"/>
        <line num="20" count="8" type="cond" truecount="2" falsecount="0"/>
        <line num="21" count="1" type="stmt"/>
        <line num="24" count="7" type="stmt"/>
        <line num="25" count="7" type="stmt"/>
        <line num="26" count="7" type="stmt"/>
        <line num="27" count="7" type="stmt"/>
        <line num="28" count="7" type="stmt"/>
        <line num="37" count="1" type="stmt"/>
        <line num="47" count="1" type="stmt"/>
        <line num="49" count="1" type="cond" truecount="1" falsecount="1"/>
        <line num="50" count="1" type="stmt"/>
        <line num="57" count="1" type="stmt"/>
      </file>
      <file name="user.js" path="D:\Bootcamp\WeekOne\Assignment\src\Classes\user.js">
        <metrics statements="3" coveredstatements="3" conditionals="0" coveredconditionals="0" methods="5" coveredmethods="0"/>
        <line num="5" count="1" type="stmt"/>
        <line num="11" count="1" type="stmt"/>
        <line num="47" count="1" type="stmt"/>
      </file>
    </package>
    <package name="Week1Day1">
      <metrics statements="12" coveredstatements="11" conditionals="2" coveredconditionals="0" methods="2" coveredmethods="0"/>
      <file name="person.js" path="D:\Bootcamp\WeekOne\Week1Day1\person.js">
        <metrics statements="12" coveredstatements="11" conditionals="2" coveredconditionals="0" methods="2" coveredmethods="0"/>
        <line num="26" count="0" type="cond" truecount="0" falsecount="2"/>
        <line num="31" count="1" type="stmt"/>
        <line num="43" count="1" type="stmt"/>
        <line num="55" count="1" type="stmt"/>
        <line num="56" count="1" type="stmt"/>
        <line num="57" count="1" type="stmt"/>
        <line num="58" count="1" type="stmt"/>
        <line num="59" count="1" type="stmt"/>
        <line num="65" count="1" type="stmt"/>
        <line num="76" count="1" type="stmt"/>
        <line num="83" count="1" type="stmt"/>
        <line num="87" count="1" type="stmt"/>
      </file>
    </package>
    <package name="WeekOneDayTwo">
      <metrics statements="49" coveredstatements="42" conditionals="18" coveredconditionals="10" methods="10" coveredmethods="9"/>
      <file name="Airport.js" path="D:\Bootcamp\WeekOne\WeekOneDayTwo\Airport.js">
        <metrics statements="12" coveredstatements="9" conditionals="6" coveredconditionals="3" methods="2" coveredmethods="2"/>
        <line num="1" count="1" type="stmt"/>
        <line num="9" count="5" type="stmt"/>
        <line num="19" count="5" type="cond" truecount="1" falsecount="1"/>
        <line num="20" count="0" type="stmt"/>
        <line num="23" count="5" type="cond" truecount="1" falsecount="1"/>
        <line num="24" count="0" type="stmt"/>
        <line num="27" count="5" type="stmt"/>
        <line num="28" count="5" type="stmt"/>
        <line num="40" count="1" type="cond" truecount="1" falsecount="1"/>
        <line num="41" count="0" type="stmt"/>
        <line num="43" count="1" type="stmt"/>
        <line num="47" count="1" type="stmt"/>
      </file>
      <file name="Bag.js" path="D:\Bootcamp\WeekOne\WeekOneDayTwo\Bag.js">
        <metrics statements="9" coveredstatements="5" conditionals="6" coveredconditionals="2" methods="2" coveredmethods="1"/>
        <line num="14" count="2" type="cond" truecount="1" falsecount="1"/>
        <line num="15" count="0" type="stmt"/>
        <line num="18" count="2" type="cond" truecount="1" falsecount="1"/>
        <line num="19" count="0" type="stmt"/>
        <line num="22" count="2" type="stmt"/>
        <line num="23" count="2" type="stmt"/>
        <line num="32" count="0" type="cond" truecount="0" falsecount="2"/>
        <line num="33" count="0" type="stmt"/>
        <line num="38" count="1" type="stmt"/>
      </file>
      <file name="Passenger.js" path="D:\Bootcamp\WeekOne\WeekOneDayTwo\Passenger.js">
        <metrics statements="4" coveredstatements="4" conditionals="0" coveredconditionals="0" methods="1" coveredmethods="1"/>
        <line num="2" count="3" type="stmt"/>
        <line num="18" count="4" type="stmt"/>
        <line num="19" count="4" type="stmt"/>
        <line num="25" count="3" type="stmt"/>
      </file>
      <file name="Person.js" path="D:\Bootcamp\WeekOne\WeekOneDayTwo\Person.js">
        <metrics statements="2" coveredstatements="2" conditionals="0" coveredconditionals="0" methods="1" coveredmethods="1"/>
        <line num="13" count="10" type="stmt"/>
        <line num="16" count="4" type="stmt"/>
      </file>
      <file name="Plane.js" path="D:\Bootcamp\WeekOne\WeekOneDayTwo\Plane.js">
        <metrics statements="16" coveredstatements="16" conditionals="6" coveredconditionals="5" methods="2" coveredmethods="2"/>
        <line num="2" count="2" type="stmt"/>
        <line num="3" count="2" type="stmt"/>
        <line num="4" count="2" type="stmt"/>
        <line num="23" count="3" type="cond" truecount="2" falsecount="0"/>
        <line num="24" count="1" type="stmt"/>
        <line num="27" count="2" type="stmt"/>
        <line num="28" count="2" type="stmt"/>
        <line num="29" count="2" type="stmt"/>
        <line num="30" count="2" type="stmt"/>
        <line num="31" count="2" type="stmt"/>
        <line num="33" count="2" type="stmt"/>
        <line num="42" count="2" type="cond" truecount="2" falsecount="0"/>
        <line num="43" count="1" type="stmt"/>
        <line num="45" count="1" type="cond" truecount="1" falsecount="1"/>
        <line num="46" count="1" type="stmt"/>
        <line num="51" count="2" type="stmt"/>
      </file>
      <file name="crewMember.js" path="D:\Bootcamp\WeekOne\WeekOneDayTwo\crewMember.js">
        <metrics statements="6" coveredstatements="6" conditionals="0" coveredconditionals="0" methods="2" coveredmethods="2"/>
        <line num="1" count="3" type="stmt"/>
        <line num="19" count="4" type="stmt"/>
        <line num="20" count="4" type="stmt"/>
        <line num="21" count="4" type="stmt"/>
        <line num="30" count="1" type="stmt"/>
        <line num="34" count="3" type="stmt"/>
      </file>
    </package>
  </project>
</coverage>
