<?xml version="1.0" encoding="UTF-8"?>
<coverage generated="1610470938815" clover="3.2.0">
  <project timestamp="1610470938816" name="All files">
    <metrics statements="22" coveredstatements="18" conditionals="8" coveredconditionals="4" methods="5" coveredmethods="5" elements="35" coveredelements="27" complexity="0" loc="22" ncloc="22" packages="1" files="5" classes="5"/>
    <file name="Airport.js" path="D:\Bootcamp\WeekOne\WeekOneDayTwo\Airport.js">
      <metrics statements="8" coveredstatements="6" conditionals="4" coveredconditionals="2" methods="1" coveredmethods="1"/>
      <line num="11" count="2" type="cond" truecount="1" falsecount="1"/>
      <line num="12" count="0" type="stmt"/>
      <line num="15" count="2" type="cond" truecount="1" falsecount="1"/>
      <line num="16" count="0" type="stmt"/>
      <line num="19" count="2" type="stmt"/>
      <line num="20" count="2" type="stmt"/>
      <line num="21" count="2" type="stmt"/>
      <line num="25" count="1" type="stmt"/>
    </file>
    <file name="Bag.js" path="D:\Bootcamp\WeekOne\WeekOneDayTwo\Bag.js">
      <metrics statements="3" coveredstatements="3" conditionals="2" coveredconditionals="1" methods="1" coveredmethods="1"/>
      <line num="9" count="1" type="cond" truecount="1" falsecount="1"/>
      <line num="11" count="1" type="stmt"/>
      <line num="15" count="1" type="stmt"/>
    </file>
    <file name="Passenger.js" path="D:\Bootcamp\WeekOne\WeekOneDayTwo\Passenger.js">
      <metrics statements="4" coveredstatements="4" conditionals="0" coveredconditionals="0" methods="1" coveredmethods="1"/>
      <line num="6" count="1" type="stmt"/>
      <line num="18" count="3" type="stmt"/>
      <line num="19" count="3" type="stmt"/>
      <line num="25" count="1" type="stmt"/>
    </file>
    <file name="Person.js" path="D:\Bootcamp\WeekOne\WeekOneDayTwo\Person.js">
      <metrics statements="2" coveredstatements="2" conditionals="0" coveredconditionals="0" methods="1" coveredmethods="1"/>
      <line num="8" count="3" type="stmt"/>
      <line num="11" count="1" type="stmt"/>
    </file>
    <file name="Plane.js" path="D:\Bootcamp\WeekOne\WeekOneDayTwo\Plane.js">
      <metrics statements="5" coveredstatements="3" conditionals="2" coveredconditionals="1" methods="1" coveredmethods="1"/>
      <line num="12" count="1" type="cond" truecount="1" falsecount="1"/>
      <line num="13" count="1" type="stmt"/>
      <line num="16" count="0" type="stmt"/>
      <line num="17" count="0" type="stmt"/>
      <line num="21" count="1" type="stmt"/>
    </file>
  </project>
</coverage>
