{"D:\\Bootcamp\\WeekOne\\WeekOneDayTwo\\Airport.js": {"path":"D:\\Bootcamp\\WeekOne\\WeekOneDayTwo\\Airport.js","statementMap":{"0":{"start":{"line":11,"column":12},"end":{"line":13,"column":13}},"1":{"start":{"line":12,"column":16},"end":{"line":12,"column":58}},"2":{"start":{"line":15,"column":12},"end":{"line":17,"column":13}},"3":{"start":{"line":16,"column":16},"end":{"line":16,"column":59}},"4":{"start":{"line":19,"column":8},"end":{"line":19,"column":39}},"5":{"start":{"line":20,"column":8},"end":{"line":20,"column":35}},"6":{"start":{"line":21,"column":8},"end":{"line":21,"column":28}},"7":{"start":{"line":25,"column":0},"end":{"line":25,"column":24}}},"fnMap":{"0":{"name":"(anonymous_0)","decl":{"start":{"line":9,"column":5},"end":{"line":9,"column":6}},"loc":{"start":{"line":9,"column":49},"end":{"line":23,"column":5}},"line":9}},"branchMap":{"0":{"loc":{"start":{"line":11,"column":12},"end":{"line":13,"column":13}},"type":"if","locations":[{"start":{"line":11,"column":12},"end":{"line":13,"column":13}},{"start":{"line":11,"column":12},"end":{"line":13,"column":13}}],"line":11},"1":{"loc":{"start":{"line":15,"column":12},"end":{"line":17,"column":13}},"type":"if","locations":[{"start":{"line":15,"column":12},"end":{"line":17,"column":13}},{"start":{"line":15,"column":12},"end":{"line":17,"column":13}}],"line":15}},"s":{"0":2,"1":0,"2":2,"3":0,"4":2,"5":2,"6":2,"7":1},"f":{"0":2},"b":{"0":[0,2],"1":[0,2]},"_coverageSchema":"1a1c01bbd47fc00a2c39e90264f33305004495a9","hash":"803053cb08283740de23ce13a8bd477447e8014e"}
,"D:\\Bootcamp\\WeekOne\\WeekOneDayTwo\\Bag.js": {"path":"D:\\Bootcamp\\WeekOne\\WeekOneDayTwo\\Bag.js","statementMap":{"0":{"start":{"line":9,"column":8},"end":{"line":9,"column":82}},"1":{"start":{"line":9,"column":29},"end":{"line":9,"column":80}},"2":{"start":{"line":11,"column":8},"end":{"line":11,"column":29}},"3":{"start":{"line":15,"column":0},"end":{"line":15,"column":19}}},"fnMap":{"0":{"name":"(anonymous_0)","decl":{"start":{"line":8,"column":4},"end":{"line":8,"column":5}},"loc":{"start":{"line":8,"column":23},"end":{"line":12,"column":5}},"line":8}},"branchMap":{"0":{"loc":{"start":{"line":9,"column":8},"end":{"line":9,"column":82}},"type":"if","locations":[{"start":{"line":9,"column":8},"end":{"line":9,"column":82}},{"start":{"line":9,"column":8},"end":{"line":9,"column":82}}],"line":9}},"s":{"0":1,"1":0,"2":1,"3":1},"f":{"0":1},"b":{"0":[0,1]},"_coverageSchema":"1a1c01bbd47fc00a2c39e90264f33305004495a9","hash":"7ea82395f3e63d2efcf19798e4d028d6cf98ecc8"}
,"D:\\Bootcamp\\WeekOne\\WeekOneDayTwo\\Passenger.js": {"path":"D:\\Bootcamp\\WeekOne\\WeekOneDayTwo\\Passenger.js","statementMap":{"0":{"start":{"line":6,"column":15},"end":{"line":6,"column":34}},"1":{"start":{"line":18,"column":8},"end":{"line":18,"column":19}},"2":{"start":{"line":19,"column":8},"end":{"line":19,"column":41}},"3":{"start":{"line":25,"column":0},"end":{"line":25,"column":27}}},"fnMap":{"0":{"name":"(anonymous_0)","decl":{"start":{"line":17,"column":4},"end":{"line":17,"column":5}},"loc":{"start":{"line":17,"column":36},"end":{"line":21,"column":5}},"line":17}},"branchMap":{},"s":{"0":1,"1":3,"2":3,"3":1},"f":{"0":3},"b":{},"_coverageSchema":"1a1c01bbd47fc00a2c39e90264f33305004495a9","hash":"df1ac7601d65aa67bdfd246fd319647e76362892"}
,"D:\\Bootcamp\\WeekOne\\WeekOneDayTwo\\Person.js": {"path":"D:\\Bootcamp\\WeekOne\\WeekOneDayTwo\\Person.js","statementMap":{"0":{"start":{"line":8,"column":9},"end":{"line":8,"column":26}},"1":{"start":{"line":11,"column":0},"end":{"line":11,"column":24}}},"fnMap":{"0":{"name":"(anonymous_0)","decl":{"start":{"line":7,"column":5},"end":{"line":7,"column":6}},"loc":{"start":{"line":7,"column":22},"end":{"line":9,"column":6}},"line":7}},"branchMap":{},"s":{"0":3,"1":1},"f":{"0":3},"b":{},"_coverageSchema":"1a1c01bbd47fc00a2c39e90264f33305004495a9","hash":"5dc9a1aa5bda760d2ffe71be8b28efca73accc4c"}
,"D:\\Bootcamp\\WeekOne\\WeekOneDayTwo\\Plane.js": {"path":"D:\\Bootcamp\\WeekOne\\WeekOneDayTwo\\Plane.js","statementMap":{"0":{"start":{"line":12,"column":6},"end":{"line":14,"column":7}},"1":{"start":{"line":13,"column":10},"end":{"line":13,"column":56}},"2":{"start":{"line":16,"column":6},"end":{"line":16,"column":36}},"3":{"start":{"line":17,"column":6},"end":{"line":17,"column":46}},"4":{"start":{"line":21,"column":0},"end":{"line":21,"column":23}}},"fnMap":{"0":{"name":"(anonymous_0)","decl":{"start":{"line":10,"column":4},"end":{"line":10,"column":5}},"loc":{"start":{"line":10,"column":28},"end":{"line":18,"column":5}},"line":10}},"branchMap":{"0":{"loc":{"start":{"line":12,"column":6},"end":{"line":14,"column":7}},"type":"if","locations":[{"start":{"line":12,"column":6},"end":{"line":14,"column":7}},{"start":{"line":12,"column":6},"end":{"line":14,"column":7}}],"line":12}},"s":{"0":1,"1":1,"2":0,"3":0,"4":1},"f":{"0":1},"b":{"0":[1,0]},"_coverageSchema":"1a1c01bbd47fc00a2c39e90264f33305004495a9","hash":"0a9f822ea9cfdcd76dafaa4f259541f50ecb7478"}
}
