{"D:\\Bootcamp\\WeekOne\\WeekOneDayTwo\\Airport.js": {"path":"D:\\Bootcamp\\WeekOne\\WeekOneDayTwo\\Airport.js","statementMap":{"0":{"start":{"line":1,"column":14},"end":{"line":1,"column":32}},"1":{"start":{"line":9,"column":24},"end":{"line":9,"column":57}},"2":{"start":{"line":19,"column":12},"end":{"line":21,"column":13}},"3":{"start":{"line":20,"column":16},"end":{"line":20,"column":58}},"4":{"start":{"line":23,"column":12},"end":{"line":25,"column":13}},"5":{"start":{"line":24,"column":16},"end":{"line":24,"column":58}},"6":{"start":{"line":27,"column":8},"end":{"line":27,"column":39}},"7":{"start":{"line":28,"column":8},"end":{"line":28,"column":35}},"8":{"start":{"line":40,"column":8},"end":{"line":42,"column":9}},"9":{"start":{"line":41,"column":12},"end":{"line":41,"column":54}},"10":{"start":{"line":43,"column":8},"end":{"line":43,"column":35}},"11":{"start":{"line":47,"column":0},"end":{"line":47,"column":24}}},"fnMap":{"0":{"name":"(anonymous_0)","decl":{"start":{"line":17,"column":5},"end":{"line":17,"column":6}},"loc":{"start":{"line":17,"column":40},"end":{"line":31,"column":5}},"line":17},"1":{"name":"(anonymous_1)","decl":{"start":{"line":38,"column":4},"end":{"line":38,"column":5}},"loc":{"start":{"line":38,"column":20},"end":{"line":44,"column":5}},"line":38}},"branchMap":{"0":{"loc":{"start":{"line":19,"column":12},"end":{"line":21,"column":13}},"type":"if","locations":[{"start":{"line":19,"column":12},"end":{"line":21,"column":13}},{"start":{"line":19,"column":12},"end":{"line":21,"column":13}}],"line":19},"1":{"loc":{"start":{"line":23,"column":12},"end":{"line":25,"column":13}},"type":"if","locations":[{"start":{"line":23,"column":12},"end":{"line":25,"column":13}},{"start":{"line":23,"column":12},"end":{"line":25,"column":13}}],"line":23},"2":{"loc":{"start":{"line":40,"column":8},"end":{"line":42,"column":9}},"type":"if","locations":[{"start":{"line":40,"column":8},"end":{"line":42,"column":9}},{"start":{"line":40,"column":8},"end":{"line":42,"column":9}}],"line":40}},"s":{"0":1,"1":5,"2":5,"3":0,"4":5,"5":0,"6":5,"7":5,"8":1,"9":0,"10":1,"11":1},"f":{"0":5,"1":1},"b":{"0":[0,5],"1":[0,5],"2":[0,1]},"_coverageSchema":"1a1c01bbd47fc00a2c39e90264f33305004495a9","hash":"e93aa58190e25f117608fe9dcf7821321da7be3f"}
,"D:\\Bootcamp\\WeekOne\\WeekOneDayTwo\\Bag.js": {"path":"D:\\Bootcamp\\WeekOne\\WeekOneDayTwo\\Bag.js","statementMap":{"0":{"start":{"line":14,"column":8},"end":{"line":16,"column":9}},"1":{"start":{"line":15,"column":12},"end":{"line":15,"column":63}},"2":{"start":{"line":18,"column":8},"end":{"line":20,"column":9}},"3":{"start":{"line":19,"column":12},"end":{"line":19,"column":41}},"4":{"start":{"line":22,"column":8},"end":{"line":22,"column":29}},"5":{"start":{"line":23,"column":8},"end":{"line":23,"column":27}},"6":{"start":{"line":32,"column":8},"end":{"line":34,"column":9}},"7":{"start":{"line":33,"column":12},"end":{"line":33,"column":41}},"8":{"start":{"line":38,"column":0},"end":{"line":38,"column":19}}},"fnMap":{"0":{"name":"(anonymous_0)","decl":{"start":{"line":12,"column":4},"end":{"line":12,"column":5}},"loc":{"start":{"line":12,"column":30},"end":{"line":24,"column":5}},"line":12},"1":{"name":"(anonymous_1)","decl":{"start":{"line":31,"column":4},"end":{"line":31,"column":5}},"loc":{"start":{"line":31,"column":14},"end":{"line":35,"column":5}},"line":31}},"branchMap":{"0":{"loc":{"start":{"line":14,"column":8},"end":{"line":16,"column":9}},"type":"if","locations":[{"start":{"line":14,"column":8},"end":{"line":16,"column":9}},{"start":{"line":14,"column":8},"end":{"line":16,"column":9}}],"line":14},"1":{"loc":{"start":{"line":18,"column":8},"end":{"line":20,"column":9}},"type":"if","locations":[{"start":{"line":18,"column":8},"end":{"line":20,"column":9}},{"start":{"line":18,"column":8},"end":{"line":20,"column":9}}],"line":18},"2":{"loc":{"start":{"line":32,"column":8},"end":{"line":34,"column":9}},"type":"if","locations":[{"start":{"line":32,"column":8},"end":{"line":34,"column":9}},{"start":{"line":32,"column":8},"end":{"line":34,"column":9}}],"line":32}},"s":{"0":2,"1":0,"2":2,"3":0,"4":2,"5":2,"6":0,"7":0,"8":1},"f":{"0":2,"1":0},"b":{"0":[0,2],"1":[0,2],"2":[0,0]},"_coverageSchema":"1a1c01bbd47fc00a2c39e90264f33305004495a9","hash":"5102ea64950c5f8790c743fb7dcfa40125de146f"}
,"D:\\Bootcamp\\WeekOne\\WeekOneDayTwo\\Passenger.js": {"path":"D:\\Bootcamp\\WeekOne\\WeekOneDayTwo\\Passenger.js","statementMap":{"0":{"start":{"line":2,"column":15},"end":{"line":2,"column":34}},"1":{"start":{"line":18,"column":8},"end":{"line":18,"column":19}},"2":{"start":{"line":19,"column":8},"end":{"line":19,"column":41}},"3":{"start":{"line":25,"column":0},"end":{"line":25,"column":27}}},"fnMap":{"0":{"name":"(anonymous_0)","decl":{"start":{"line":17,"column":4},"end":{"line":17,"column":5}},"loc":{"start":{"line":17,"column":36},"end":{"line":21,"column":5}},"line":17}},"branchMap":{},"s":{"0":3,"1":4,"2":4,"3":3},"f":{"0":4},"b":{},"_coverageSchema":"1a1c01bbd47fc00a2c39e90264f33305004495a9","hash":"a04eab49254489b68a5e092e26964fc3d73759ac"}
,"D:\\Bootcamp\\WeekOne\\WeekOneDayTwo\\Person.js": {"path":"D:\\Bootcamp\\WeekOne\\WeekOneDayTwo\\Person.js","statementMap":{"0":{"start":{"line":13,"column":9},"end":{"line":13,"column":26}},"1":{"start":{"line":16,"column":0},"end":{"line":16,"column":23}}},"fnMap":{"0":{"name":"(anonymous_0)","decl":{"start":{"line":12,"column":5},"end":{"line":12,"column":6}},"loc":{"start":{"line":12,"column":22},"end":{"line":14,"column":6}},"line":12}},"branchMap":{},"s":{"0":10,"1":4},"f":{"0":10},"b":{},"_coverageSchema":"1a1c01bbd47fc00a2c39e90264f33305004495a9","hash":"454f552dbb13461f0533e762b501860fa31152eb"}
,"D:\\Bootcamp\\WeekOne\\WeekOneDayTwo\\Plane.js": {"path":"D:\\Bootcamp\\WeekOne\\WeekOneDayTwo\\Plane.js","statementMap":{"0":{"start":{"line":2,"column":17},"end":{"line":2,"column":37}},"1":{"start":{"line":3,"column":21},"end":{"line":3,"column":45}},"2":{"start":{"line":4,"column":20},"end":{"line":4,"column":43}},"3":{"start":{"line":23,"column":6},"end":{"line":25,"column":7}},"4":{"start":{"line":24,"column":10},"end":{"line":24,"column":56}},"5":{"start":{"line":27,"column":6},"end":{"line":27,"column":40}},"6":{"start":{"line":28,"column":6},"end":{"line":28,"column":36}},"7":{"start":{"line":29,"column":6},"end":{"line":29,"column":21}},"8":{"start":{"line":30,"column":6},"end":{"line":30,"column":26}},"9":{"start":{"line":31,"column":6},"end":{"line":31,"column":38}},"10":{"start":{"line":33,"column":6},"end":{"line":33,"column":46}},"11":{"start":{"line":42,"column":6},"end":{"line":47,"column":7}},"12":{"start":{"line":43,"column":12},"end":{"line":43,"column":40}},"13":{"start":{"line":45,"column":13},"end":{"line":47,"column":7}},"14":{"start":{"line":46,"column":8},"end":{"line":46,"column":30}},"15":{"start":{"line":51,"column":0},"end":{"line":51,"column":23}}},"fnMap":{"0":{"name":"(anonymous_0)","decl":{"start":{"line":21,"column":4},"end":{"line":21,"column":5}},"loc":{"start":{"line":21,"column":58},"end":{"line":34,"column":5}},"line":21},"1":{"name":"(anonymous_1)","decl":{"start":{"line":41,"column":4},"end":{"line":41,"column":5}},"loc":{"start":{"line":41,"column":26},"end":{"line":48,"column":5}},"line":41}},"branchMap":{"0":{"loc":{"start":{"line":23,"column":6},"end":{"line":25,"column":7}},"type":"if","locations":[{"start":{"line":23,"column":6},"end":{"line":25,"column":7}},{"start":{"line":23,"column":6},"end":{"line":25,"column":7}}],"line":23},"1":{"loc":{"start":{"line":42,"column":6},"end":{"line":47,"column":7}},"type":"if","locations":[{"start":{"line":42,"column":6},"end":{"line":47,"column":7}},{"start":{"line":42,"column":6},"end":{"line":47,"column":7}}],"line":42},"2":{"loc":{"start":{"line":45,"column":13},"end":{"line":47,"column":7}},"type":"if","locations":[{"start":{"line":45,"column":13},"end":{"line":47,"column":7}},{"start":{"line":45,"column":13},"end":{"line":47,"column":7}}],"line":45}},"s":{"0":2,"1":2,"2":2,"3":3,"4":1,"5":2,"6":2,"7":2,"8":2,"9":2,"10":2,"11":2,"12":1,"13":1,"14":1,"15":2},"f":{"0":3,"1":2},"b":{"0":[1,2],"1":[1,1],"2":[1,0]},"_coverageSchema":"1a1c01bbd47fc00a2c39e90264f33305004495a9","hash":"ea428b291ac6d734334c8e1750783fb2c941cb4b"}
,"D:\\Bootcamp\\WeekOne\\WeekOneDayTwo\\crewMember.js": {"path":"D:\\Bootcamp\\WeekOne\\WeekOneDayTwo\\crewMember.js","statementMap":{"0":{"start":{"line":1,"column":15},"end":{"line":1,"column":34}},"1":{"start":{"line":19,"column":9},"end":{"line":19,"column":20}},"2":{"start":{"line":20,"column":9},"end":{"line":20,"column":31}},"3":{"start":{"line":21,"column":9},"end":{"line":21,"column":23}},"4":{"start":{"line":30,"column":9},"end":{"line":30,"column":84}},"5":{"start":{"line":34,"column":0},"end":{"line":34,"column":27}}},"fnMap":{"0":{"name":"(anonymous_0)","decl":{"start":{"line":17,"column":5},"end":{"line":17,"column":6}},"loc":{"start":{"line":17,"column":36},"end":{"line":22,"column":6}},"line":17},"1":{"name":"(anonymous_1)","decl":{"start":{"line":29,"column":5},"end":{"line":29,"column":6}},"loc":{"start":{"line":29,"column":19},"end":{"line":31,"column":6}},"line":29}},"branchMap":{},"s":{"0":3,"1":4,"2":4,"3":4,"4":1,"5":3},"f":{"0":4,"1":1},"b":{},"_coverageSchema":"1a1c01bbd47fc00a2c39e90264f33305004495a9","hash":"6fb4c54e55fabc2db785fd4b34ee230a92f9d348"}
}
