TN:
SF:Airport.js
FN:17,(anonymous_0)
FN:38,(anonymous_1)
FNF:2
FNH:2
FNDA:5,(anonymous_0)
FNDA:1,(anonymous_1)
DA:1,1
DA:9,5
DA:19,5
DA:20,0
DA:23,5
DA:24,0
DA:27,5
DA:28,5
DA:40,1
DA:41,0
DA:43,1
DA:47,1
LF:12
LH:9
BRDA:19,0,0,0
BRDA:19,0,1,5
BRDA:23,1,0,0
BRDA:23,1,1,5
BRDA:40,2,0,0
BRDA:40,2,1,1
BRF:6
BRH:3
end_of_record
TN:
SF:Bag.js
FN:12,(anonymous_0)
FN:31,(anonymous_1)
FNF:2
FNH:1
FNDA:2,(anonymous_0)
FNDA:0,(anonymous_1)
DA:14,2
DA:15,0
DA:18,2
DA:19,0
DA:22,2
DA:23,2
DA:32,0
DA:33,0
DA:38,1
LF:9
LH:5
BRDA:14,0,0,0
BRDA:14,0,1,2
BRDA:18,1,0,0
BRDA:18,1,1,2
BRDA:32,2,0,0
BRDA:32,2,1,0
BRF:6
BRH:2
end_of_record
TN:
SF:Passenger.js
FN:17,(anonymous_0)
FNF:1
FNH:1
FNDA:4,(anonymous_0)
DA:2,3
DA:18,4
DA:19,4
DA:25,3
LF:4
LH:4
BRF:0
BRH:0
end_of_record
TN:
SF:Person.js
FN:12,(anonymous_0)
FNF:1
FNH:1
FNDA:10,(anonymous_0)
DA:13,10
DA:16,4
LF:2
LH:2
BRF:0
BRH:0
end_of_record
TN:
SF:Plane.js
FN:21,(anonymous_0)
FN:41,(anonymous_1)
FNF:2
FNH:2
FNDA:3,(anonymous_0)
FNDA:2,(anonymous_1)
DA:2,2
DA:3,2
DA:4,2
DA:23,3
DA:24,1
DA:27,2
DA:28,2
DA:29,2
DA:30,2
DA:31,2
DA:33,2
DA:42,2
DA:43,1
DA:45,1
DA:46,1
DA:51,2
LF:16
LH:16
BRDA:23,0,0,1
BRDA:23,0,1,2
BRDA:42,1,0,1
BRDA:42,1,1,1
BRDA:45,2,0,1
BRDA:45,2,1,0
BRF:6
BRH:5
end_of_record
TN:
SF:crewMember.js
FN:17,(anonymous_0)
FN:29,(anonymous_1)
FNF:2
FNH:2
FNDA:4,(anonymous_0)
FNDA:1,(anonymous_1)
DA:1,3
DA:19,4
DA:20,4
DA:21,4
DA:30,1
DA:34,3
LF:6
LH:6
BRF:0
BRH:0
end_of_record
