TN:
SF:Airport.js
FN:9,(anonymous_0)
FNF:1
FNH:1
FNDA:2,(anonymous_0)
DA:11,2
DA:12,0
DA:15,2
DA:16,0
DA:19,2
DA:20,2
DA:21,2
DA:25,1
LF:8
LH:6
BRDA:11,0,0,0
BRDA:11,0,1,2
BRDA:15,1,0,0
BRDA:15,1,1,2
BRF:4
BRH:2
end_of_record
TN:
SF:Bag.js
FN:8,(anonymous_0)
FNF:1
FNH:1
FNDA:1,(anonymous_0)
DA:9,1
DA:11,1
DA:15,1
LF:3
LH:3
BRDA:9,0,0,0
BRDA:9,0,1,1
BRF:2
BRH:1
end_of_record
TN:
SF:Passenger.js
FN:17,(anonymous_0)
FNF:1
FNH:1
FNDA:3,(anonymous_0)
DA:6,1
DA:18,3
DA:19,3
DA:25,1
LF:4
LH:4
BRF:0
BRH:0
end_of_record
TN:
SF:Person.js
FN:7,(anonymous_0)
FNF:1
FNH:1
FNDA:3,(anonymous_0)
DA:8,3
DA:11,1
LF:2
LH:2
BRF:0
BRH:0
end_of_record
TN:
SF:Plane.js
FN:10,(anonymous_0)
FNF:1
FNH:1
FNDA:1,(anonymous_0)
DA:12,1
DA:13,1
DA:16,0
DA:17,0
DA:21,1
LF:5
LH:3
BRDA:12,0,0,1
BRDA:12,0,1,0
BRF:2
BRH:1
end_of_record
